<?xml version="1.0" encoding="UTF-8"?>
<!-- Generated by org.testng.reporters.JUnitReportReporter -->
<testsuite hostname="DESKTOP-GVIRPN1" failures="0" tests="1" name="project.Thirdtest" time="7.029" errors="0" timestamp="2023-12-20T14:43:03 IST" skipped="0">
  <testcase classname="project.Thirdtest" name="Third" time="7.029"/>
  <system-out/>
</testsuite> <!-- project.Thirdtest -->
