<?xml version="1.0" encoding="UTF-8"?>
<!-- Generated by org.testng.reporters.JUnitReportReporter -->
<testsuite hostname="DESKTOP-GVIRPN1" failures="0" tests="1" name="Extent_Report.Program" time="14.235" errors="0" timestamp="2023-12-23T14:33:31 IST" skipped="0">
  <testcase classname="Extent_Report.Program" name="report" time="14.235"/>
  <system-out/>
</testsuite> <!-- Extent_Report.Program -->
